{"/Users/xenovon/Documents/Work/personal_project/react-filterable-content/src/index.js": {"path":"/Users/xenovon/Documents/Work/personal_project/react-filterable-content/src/index.js","statementMap":{},"fnMap":{},"branchMap":{},"s":{},"f":{},"b":{},"hash":"af803e7f2263372acaa920b4a76c1143c2b826ce"}
,"/Users/xenovon/Documents/Work/personal_project/react-filterable-content/src/components/FilterableContent.js": {"path":"/Users/xenovon/Documents/Work/personal_project/react-filterable-content/src/components/FilterableContent.js","statementMap":{"0":{"start":{"line":19,"column":4},"end":{"line":19,"column":16}},"1":{"start":{"line":20,"column":21},"end":{"line":20,"column":31}},"2":{"start":{"line":21,"column":4},"end":{"line":21,"column":48}},"3":{"start":{"line":25,"column":32},"end":{"line":25,"column":42}},"4":{"start":{"line":26,"column":4},"end":{"line":26,"column":79}},"5":{"start":{"line":30,"column":33},"end":{"line":30,"column":76}}},"fnMap":{"0":{"name":"(anonymous_0)","decl":{"start":{"line":18,"column":2},"end":{"line":18,"column":3}},"loc":{"start":{"line":18,"column":21},"end":{"line":22,"column":3}},"line":18},"1":{"name":"(anonymous_1)","decl":{"start":{"line":24,"column":2},"end":{"line":24,"column":3}},"loc":{"start":{"line":24,"column":11},"end":{"line":27,"column":3}},"line":24}},"branchMap":{"0":{"loc":{"start":{"line":26,"column":11},"end":{"line":26,"column":79}},"type":"binary-expr","locations":[{"start":{"line":26,"column":11},"end":{"line":26,"column":64}},{"start":{"line":26,"column":68},"end":{"line":26,"column":79}}],"line":26}},"s":{"0":0,"1":0,"2":0,"3":0,"4":0,"5":0},"f":{"0":0,"1":0},"b":{"0":[0,0]},"hash":"e800b6585961d6252618bc699afba38259133345"}
,"/Users/xenovon/Documents/Work/personal_project/react-filterable-content/src/components/FilterableSection.js": {"path":"/Users/xenovon/Documents/Work/personal_project/react-filterable-content/src/components/FilterableSection.js","statementMap":{"0":{"start":{"line":4,"column":33},"end":{"line":13,"column":1}},"1":{"start":{"line":5,"column":53},"end":{"line":5,"column":58}},"2":{"start":{"line":7,"column":2},"end":{"line":12,"column":3}},"3":{"start":{"line":15,"column":0},"end":{"line":18,"column":1}}},"fnMap":{"0":{"name":"(anonymous_0)","decl":{"start":{"line":4,"column":33},"end":{"line":4,"column":34}},"loc":{"start":{"line":4,"column":42},"end":{"line":13,"column":1}},"line":4}},"branchMap":{},"s":{"0":0,"1":0,"2":0,"3":0},"f":{"0":0},"b":{},"hash":"70c0d6e2506803e51f6a0f87b1700da0427dfd2d"}
,"/Users/xenovon/Documents/Work/personal_project/react-filterable-content/src/components/index.js": {"path":"/Users/xenovon/Documents/Work/personal_project/react-filterable-content/src/components/index.js","statementMap":{},"fnMap":{},"branchMap":{},"s":{},"f":{},"b":{},"hash":"27a2e24d0e40baecd0c6cb269d5c1f3019b84370"}
,"/Users/xenovon/Documents/Work/personal_project/react-filterable-content/src/utils/FilterEngine.js": {"path":"/Users/xenovon/Documents/Work/personal_project/react-filterable-content/src/utils/FilterEngine.js","statementMap":{"0":{"start":{"line":16,"column":29},"end":{"line":26,"column":1}},"1":{"start":{"line":37,"column":4},"end":{"line":37,"column":30}},"2":{"start":{"line":38,"column":4},"end":{"line":38,"column":53}},"3":{"start":{"line":42,"column":4},"end":{"line":42,"column":53}},"4":{"start":{"line":46,"column":4},"end":{"line":46,"column":23}},"5":{"start":{"line":51,"column":4},"end":{"line":53,"column":5}},"6":{"start":{"line":52,"column":6},"end":{"line":52,"column":39}},"7":{"start":{"line":56,"column":4},"end":{"line":58,"column":5}},"8":{"start":{"line":57,"column":6},"end":{"line":57,"column":21}},"9":{"start":{"line":59,"column":4},"end":{"line":59,"column":39}},"10":{"start":{"line":61,"column":4},"end":{"line":69,"column":5}},"11":{"start":{"line":62,"column":6},"end":{"line":62,"column":31}},"12":{"start":{"line":63,"column":11},"end":{"line":69,"column":5}},"13":{"start":{"line":64,"column":6},"end":{"line":64,"column":51}},"14":{"start":{"line":66,"column":6},"end":{"line":66,"column":54}},"15":{"start":{"line":68,"column":6},"end":{"line":68,"column":44}},"16":{"start":{"line":71,"column":4},"end":{"line":73,"column":5}},"17":{"start":{"line":72,"column":6},"end":{"line":72,"column":22}},"18":{"start":{"line":75,"column":4},"end":{"line":75,"column":29}},"19":{"start":{"line":76,"column":4},"end":{"line":76,"column":31}},"20":{"start":{"line":78,"column":4},"end":{"line":78,"column":17}},"21":{"start":{"line":82,"column":4},"end":{"line":82,"column":48}},"22":{"start":{"line":83,"column":4},"end":{"line":83,"column":42}},"23":{"start":{"line":85,"column":4},"end":{"line":88,"column":5}},"24":{"start":{"line":86,"column":27},"end":{"line":86,"column":59}},"25":{"start":{"line":87,"column":6},"end":{"line":87,"column":52}},"26":{"start":{"line":92,"column":4},"end":{"line":94,"column":5}},"27":{"start":{"line":93,"column":6},"end":{"line":93,"column":17}},"28":{"start":{"line":95,"column":4},"end":{"line":95,"column":16}},"29":{"start":{"line":99,"column":4},"end":{"line":101,"column":5}},"30":{"start":{"line":100,"column":6},"end":{"line":100,"column":89}},"31":{"start":{"line":105,"column":4},"end":{"line":107,"column":5}},"32":{"start":{"line":106,"column":6},"end":{"line":106,"column":101}},"33":{"start":{"line":111,"column":4},"end":{"line":111,"column":112}},"34":{"start":{"line":115,"column":4},"end":{"line":135,"column":5}},"35":{"start":{"line":116,"column":6},"end":{"line":134,"column":7}},"36":{"start":{"line":117,"column":8},"end":{"line":126,"column":10}},"37":{"start":{"line":118,"column":10},"end":{"line":125,"column":11}},"38":{"start":{"line":119,"column":12},"end":{"line":119,"column":45}},"39":{"start":{"line":120,"column":17},"end":{"line":125,"column":11}},"40":{"start":{"line":121,"column":12},"end":{"line":121,"column":126}},"41":{"start":{"line":122,"column":25},"end":{"line":122,"column":100}},"42":{"start":{"line":123,"column":12},"end":{"line":123,"column":38}},"43":{"start":{"line":124,"column":12},"end":{"line":124,"column":44}},"44":{"start":{"line":127,"column":13},"end":{"line":134,"column":7}},"45":{"start":{"line":128,"column":8},"end":{"line":128,"column":45}},"46":{"start":{"line":129,"column":13},"end":{"line":134,"column":7}},"47":{"start":{"line":130,"column":8},"end":{"line":130,"column":126}},"48":{"start":{"line":131,"column":21},"end":{"line":131,"column":100}},"49":{"start":{"line":132,"column":8},"end":{"line":132,"column":34}},"50":{"start":{"line":133,"column":8},"end":{"line":133,"column":40}},"51":{"start":{"line":136,"column":4},"end":{"line":136,"column":36}},"52":{"start":{"line":144,"column":19},"end":{"line":144,"column":56}},"53":{"start":{"line":145,"column":27},"end":{"line":145,"column":116}},"54":{"start":{"line":147,"column":4},"end":{"line":182,"column":5}},"55":{"start":{"line":148,"column":26},"end":{"line":148,"column":117}},"56":{"start":{"line":150,"column":6},"end":{"line":155,"column":73}},"57":{"start":{"line":156,"column":11},"end":{"line":182,"column":5}},"58":{"start":{"line":157,"column":38},"end":{"line":157,"column":66}},"59":{"start":{"line":159,"column":6},"end":{"line":164,"column":72}},"60":{"start":{"line":165,"column":11},"end":{"line":182,"column":5}},"61":{"start":{"line":167,"column":6},"end":{"line":172,"column":72}},"62":{"start":{"line":174,"column":24},"end":{"line":174,"column":26}},"63":{"start":{"line":175,"column":6},"end":{"line":175,"column":72}},"64":{"start":{"line":176,"column":6},"end":{"line":181,"column":7}},"65":{"start":{"line":177,"column":20},"end":{"line":177,"column":35}},"66":{"start":{"line":178,"column":22},"end":{"line":178,"column":82}},"67":{"start":{"line":180,"column":8},"end":{"line":180,"column":28}},"68":{"start":{"line":186,"column":4},"end":{"line":194,"column":5}},"69":{"start":{"line":187,"column":6},"end":{"line":193,"column":7}},"70":{"start":{"line":188,"column":8},"end":{"line":190,"column":10}},"71":{"start":{"line":189,"column":10},"end":{"line":189,"column":91}},"72":{"start":{"line":192,"column":8},"end":{"line":192,"column":59}},"73":{"start":{"line":196,"column":4},"end":{"line":196,"column":17}}},"fnMap":{"0":{"name":"(anonymous_0)","decl":{"start":{"line":36,"column":2},"end":{"line":36,"column":3}},"loc":{"start":{"line":36,"column":26},"end":{"line":39,"column":3}},"line":36},"1":{"name":"(anonymous_1)","decl":{"start":{"line":41,"column":2},"end":{"line":41,"column":3}},"loc":{"start":{"line":41,"column":24},"end":{"line":43,"column":3}},"line":41},"2":{"name":"(anonymous_2)","decl":{"start":{"line":45,"column":2},"end":{"line":45,"column":3}},"loc":{"start":{"line":45,"column":14},"end":{"line":47,"column":3}},"line":45},"3":{"name":"(anonymous_3)","decl":{"start":{"line":49,"column":2},"end":{"line":49,"column":3}},"loc":{"start":{"line":49,"column":38},"end":{"line":79,"column":3}},"line":49},"4":{"name":"(anonymous_4)","decl":{"start":{"line":81,"column":20},"end":{"line":81,"column":21}},"loc":{"start":{"line":81,"column":41},"end":{"line":89,"column":3}},"line":81},"5":{"name":"(anonymous_5)","decl":{"start":{"line":91,"column":19},"end":{"line":91,"column":20}},"loc":{"start":{"line":91,"column":27},"end":{"line":96,"column":3}},"line":91},"6":{"name":"(anonymous_6)","decl":{"start":{"line":98,"column":19},"end":{"line":98,"column":20}},"loc":{"start":{"line":98,"column":38},"end":{"line":102,"column":3}},"line":98},"7":{"name":"(anonymous_7)","decl":{"start":{"line":104,"column":22},"end":{"line":104,"column":23}},"loc":{"start":{"line":104,"column":53},"end":{"line":108,"column":3}},"line":104},"8":{"name":"(anonymous_8)","decl":{"start":{"line":110,"column":20},"end":{"line":110,"column":21}},"loc":{"start":{"line":110,"column":67},"end":{"line":112,"column":3}},"line":110},"9":{"name":"(anonymous_9)","decl":{"start":{"line":114,"column":17},"end":{"line":114,"column":18}},"loc":{"start":{"line":114,"column":65},"end":{"line":137,"column":3}},"line":114},"10":{"name":"(anonymous_10)","decl":{"start":{"line":117,"column":26},"end":{"line":117,"column":27}},"loc":{"start":{"line":117,"column":37},"end":{"line":126,"column":9}},"line":117},"11":{"name":"(anonymous_11)","decl":{"start":{"line":143,"column":21},"end":{"line":143,"column":22}},"loc":{"start":{"line":143,"column":67},"end":{"line":183,"column":3}},"line":143},"12":{"name":"(anonymous_12)","decl":{"start":{"line":185,"column":20},"end":{"line":185,"column":21}},"loc":{"start":{"line":185,"column":57},"end":{"line":197,"column":3}},"line":185},"13":{"name":"(anonymous_13)","decl":{"start":{"line":188,"column":26},"end":{"line":188,"column":27}},"loc":{"start":{"line":188,"column":37},"end":{"line":190,"column":9}},"line":188}},"branchMap":{"0":{"loc":{"start":{"line":51,"column":4},"end":{"line":53,"column":5}},"type":"if","locations":[{"start":{"line":51,"column":4},"end":{"line":53,"column":5}},{"start":{"line":51,"column":4},"end":{"line":53,"column":5}}],"line":51},"1":{"loc":{"start":{"line":56,"column":4},"end":{"line":58,"column":5}},"type":"if","locations":[{"start":{"line":56,"column":4},"end":{"line":58,"column":5}},{"start":{"line":56,"column":4},"end":{"line":58,"column":5}}],"line":56},"2":{"loc":{"start":{"line":61,"column":4},"end":{"line":69,"column":5}},"type":"if","locations":[{"start":{"line":61,"column":4},"end":{"line":69,"column":5}},{"start":{"line":61,"column":4},"end":{"line":69,"column":5}}],"line":61},"3":{"loc":{"start":{"line":63,"column":11},"end":{"line":69,"column":5}},"type":"if","locations":[{"start":{"line":63,"column":11},"end":{"line":69,"column":5}},{"start":{"line":63,"column":11},"end":{"line":69,"column":5}}],"line":63},"4":{"loc":{"start":{"line":63,"column":15},"end":{"line":63,"column":109}},"type":"binary-expr","locations":[{"start":{"line":63,"column":15},"end":{"line":63,"column":38}},{"start":{"line":63,"column":42},"end":{"line":63,"column":69}},{"start":{"line":63,"column":73},"end":{"line":63,"column":109}}],"line":63},"5":{"loc":{"start":{"line":71,"column":4},"end":{"line":73,"column":5}},"type":"if","locations":[{"start":{"line":71,"column":4},"end":{"line":73,"column":5}},{"start":{"line":71,"column":4},"end":{"line":73,"column":5}}],"line":71},"6":{"loc":{"start":{"line":85,"column":4},"end":{"line":88,"column":5}},"type":"if","locations":[{"start":{"line":85,"column":4},"end":{"line":88,"column":5}},{"start":{"line":85,"column":4},"end":{"line":88,"column":5}}],"line":85},"7":{"loc":{"start":{"line":92,"column":4},"end":{"line":94,"column":5}},"type":"if","locations":[{"start":{"line":92,"column":4},"end":{"line":94,"column":5}},{"start":{"line":92,"column":4},"end":{"line":94,"column":5}}],"line":92},"8":{"loc":{"start":{"line":92,"column":7},"end":{"line":92,"column":48}},"type":"binary-expr","locations":[{"start":{"line":92,"column":7},"end":{"line":92,"column":11}},{"start":{"line":92,"column":15},"end":{"line":92,"column":48}}],"line":92},"9":{"loc":{"start":{"line":99,"column":4},"end":{"line":101,"column":5}},"type":"if","locations":[{"start":{"line":99,"column":4},"end":{"line":101,"column":5}},{"start":{"line":99,"column":4},"end":{"line":101,"column":5}}],"line":99},"10":{"loc":{"start":{"line":99,"column":8},"end":{"line":99,"column":63}},"type":"binary-expr","locations":[{"start":{"line":99,"column":8},"end":{"line":99,"column":32}},{"start":{"line":99,"column":36},"end":{"line":99,"column":63}}],"line":99},"11":{"loc":{"start":{"line":105,"column":4},"end":{"line":107,"column":5}},"type":"if","locations":[{"start":{"line":105,"column":4},"end":{"line":107,"column":5}},{"start":{"line":105,"column":4},"end":{"line":107,"column":5}}],"line":105},"12":{"loc":{"start":{"line":105,"column":8},"end":{"line":105,"column":75}},"type":"binary-expr","locations":[{"start":{"line":105,"column":8},"end":{"line":105,"column":44}},{"start":{"line":105,"column":48},"end":{"line":105,"column":75}}],"line":105},"13":{"loc":{"start":{"line":111,"column":12},"end":{"line":111,"column":111}},"type":"binary-expr","locations":[{"start":{"line":111,"column":12},"end":{"line":111,"column":46}},{"start":{"line":111,"column":50},"end":{"line":111,"column":99}},{"start":{"line":111,"column":103},"end":{"line":111,"column":111}}],"line":111},"14":{"loc":{"start":{"line":114,"column":29},"end":{"line":114,"column":42}},"type":"default-arg","locations":[{"start":{"line":114,"column":40},"end":{"line":114,"column":42}}],"line":114},"15":{"loc":{"start":{"line":114,"column":44},"end":{"line":114,"column":60}},"type":"default-arg","locations":[{"start":{"line":114,"column":58},"end":{"line":114,"column":60}}],"line":114},"16":{"loc":{"start":{"line":115,"column":4},"end":{"line":135,"column":5}},"type":"if","locations":[{"start":{"line":115,"column":4},"end":{"line":135,"column":5}},{"start":{"line":115,"column":4},"end":{"line":135,"column":5}}],"line":115},"17":{"loc":{"start":{"line":116,"column":6},"end":{"line":134,"column":7}},"type":"if","locations":[{"start":{"line":116,"column":6},"end":{"line":134,"column":7}},{"start":{"line":116,"column":6},"end":{"line":134,"column":7}}],"line":116},"18":{"loc":{"start":{"line":118,"column":10},"end":{"line":125,"column":11}},"type":"if","locations":[{"start":{"line":118,"column":10},"end":{"line":125,"column":11}},{"start":{"line":118,"column":10},"end":{"line":125,"column":11}}],"line":118},"19":{"loc":{"start":{"line":120,"column":17},"end":{"line":125,"column":11}},"type":"if","locations":[{"start":{"line":120,"column":17},"end":{"line":125,"column":11}},{"start":{"line":120,"column":17},"end":{"line":125,"column":11}}],"line":120},"20":{"loc":{"start":{"line":121,"column":44},"end":{"line":121,"column":82}},"type":"binary-expr","locations":[{"start":{"line":121,"column":44},"end":{"line":121,"column":76}},{"start":{"line":121,"column":80},"end":{"line":121,"column":82}}],"line":121},"21":{"loc":{"start":{"line":121,"column":86},"end":{"line":121,"column":124}},"type":"binary-expr","locations":[{"start":{"line":121,"column":86},"end":{"line":121,"column":118}},{"start":{"line":121,"column":122},"end":{"line":121,"column":124}}],"line":121},"22":{"loc":{"start":{"line":127,"column":13},"end":{"line":134,"column":7}},"type":"if","locations":[{"start":{"line":127,"column":13},"end":{"line":134,"column":7}},{"start":{"line":127,"column":13},"end":{"line":134,"column":7}}],"line":127},"23":{"loc":{"start":{"line":129,"column":13},"end":{"line":134,"column":7}},"type":"if","locations":[{"start":{"line":129,"column":13},"end":{"line":134,"column":7}},{"start":{"line":129,"column":13},"end":{"line":134,"column":7}}],"line":129},"24":{"loc":{"start":{"line":130,"column":40},"end":{"line":130,"column":82}},"type":"binary-expr","locations":[{"start":{"line":130,"column":40},"end":{"line":130,"column":76}},{"start":{"line":130,"column":80},"end":{"line":130,"column":82}}],"line":130},"25":{"loc":{"start":{"line":130,"column":86},"end":{"line":130,"column":124}},"type":"binary-expr","locations":[{"start":{"line":130,"column":86},"end":{"line":130,"column":118}},{"start":{"line":130,"column":122},"end":{"line":130,"column":124}}],"line":130},"26":{"loc":{"start":{"line":145,"column":30},"end":{"line":145,"column":72}},"type":"binary-expr","locations":[{"start":{"line":145,"column":30},"end":{"line":145,"column":66}},{"start":{"line":145,"column":70},"end":{"line":145,"column":72}}],"line":145},"27":{"loc":{"start":{"line":145,"column":76},"end":{"line":145,"column":114}},"type":"binary-expr","locations":[{"start":{"line":145,"column":76},"end":{"line":145,"column":108}},{"start":{"line":145,"column":112},"end":{"line":145,"column":114}}],"line":145},"28":{"loc":{"start":{"line":147,"column":4},"end":{"line":182,"column":5}},"type":"if","locations":[{"start":{"line":147,"column":4},"end":{"line":182,"column":5}},{"start":{"line":147,"column":4},"end":{"line":182,"column":5}}],"line":147},"29":{"loc":{"start":{"line":147,"column":8},"end":{"line":147,"column":51}},"type":"binary-expr","locations":[{"start":{"line":147,"column":8},"end":{"line":147,"column":37}},{"start":{"line":147,"column":41},"end":{"line":147,"column":51}}],"line":147},"30":{"loc":{"start":{"line":148,"column":29},"end":{"line":148,"column":72}},"type":"binary-expr","locations":[{"start":{"line":148,"column":29},"end":{"line":148,"column":66}},{"start":{"line":148,"column":70},"end":{"line":148,"column":72}}],"line":148},"31":{"loc":{"start":{"line":148,"column":76},"end":{"line":148,"column":115}},"type":"binary-expr","locations":[{"start":{"line":148,"column":76},"end":{"line":148,"column":109}},{"start":{"line":148,"column":113},"end":{"line":148,"column":115}}],"line":148},"32":{"loc":{"start":{"line":150,"column":6},"end":{"line":155,"column":73}},"type":"binary-expr","locations":[{"start":{"line":150,"column":6},"end":{"line":150,"column":38}},{"start":{"line":151,"column":6},"end":{"line":154,"column":48}},{"start":{"line":155,"column":6},"end":{"line":155,"column":73}}],"line":150},"33":{"loc":{"start":{"line":156,"column":11},"end":{"line":182,"column":5}},"type":"if","locations":[{"start":{"line":156,"column":11},"end":{"line":182,"column":5}},{"start":{"line":156,"column":11},"end":{"line":182,"column":5}}],"line":156},"34":{"loc":{"start":{"line":159,"column":6},"end":{"line":164,"column":72}},"type":"binary-expr","locations":[{"start":{"line":159,"column":6},"end":{"line":159,"column":37}},{"start":{"line":160,"column":6},"end":{"line":163,"column":47}},{"start":{"line":164,"column":6},"end":{"line":164,"column":72}}],"line":159},"35":{"loc":{"start":{"line":165,"column":11},"end":{"line":182,"column":5}},"type":"if","locations":[{"start":{"line":165,"column":11},"end":{"line":182,"column":5}},{"start":{"line":165,"column":11},"end":{"line":182,"column":5}}],"line":165},"36":{"loc":{"start":{"line":167,"column":6},"end":{"line":172,"column":72}},"type":"binary-expr","locations":[{"start":{"line":167,"column":6},"end":{"line":167,"column":37}},{"start":{"line":168,"column":6},"end":{"line":171,"column":47}},{"start":{"line":172,"column":6},"end":{"line":172,"column":72}}],"line":167},"37":{"loc":{"start":{"line":176,"column":6},"end":{"line":181,"column":7}},"type":"if","locations":[{"start":{"line":176,"column":6},"end":{"line":181,"column":7}},{"start":{"line":176,"column":6},"end":{"line":181,"column":7}}],"line":176},"38":{"loc":{"start":{"line":176,"column":10},"end":{"line":176,"column":43}},"type":"binary-expr","locations":[{"start":{"line":176,"column":10},"end":{"line":176,"column":21}},{"start":{"line":176,"column":25},"end":{"line":176,"column":43}}],"line":176},"39":{"loc":{"start":{"line":185,"column":41},"end":{"line":185,"column":52}},"type":"default-arg","locations":[{"start":{"line":185,"column":50},"end":{"line":185,"column":52}}],"line":185},"40":{"loc":{"start":{"line":186,"column":4},"end":{"line":194,"column":5}},"type":"if","locations":[{"start":{"line":186,"column":4},"end":{"line":194,"column":5}},{"start":{"line":186,"column":4},"end":{"line":194,"column":5}}],"line":186},"41":{"loc":{"start":{"line":187,"column":6},"end":{"line":193,"column":7}},"type":"if","locations":[{"start":{"line":187,"column":6},"end":{"line":193,"column":7}},{"start":{"line":187,"column":6},"end":{"line":193,"column":7}}],"line":187}},"s":{"0":1,"1":2,"2":2,"3":3,"4":2,"5":0,"6":0,"7":0,"8":0,"9":0,"10":0,"11":0,"12":0,"13":0,"14":0,"15":0,"16":0,"17":0,"18":0,"19":0,"20":0,"21":0,"22":0,"23":0,"24":0,"25":0,"26":0,"27":0,"28":0,"29":0,"30":0,"31":0,"32":0,"33":0,"34":0,"35":0,"36":0,"37":0,"38":0,"39":0,"40":0,"41":0,"42":0,"43":0,"44":0,"45":0,"46":0,"47":0,"48":0,"49":0,"50":0,"51":0,"52":0,"53":0,"54":0,"55":0,"56":0,"57":0,"58":0,"59":0,"60":0,"61":0,"62":0,"63":0,"64":0,"65":0,"66":0,"67":0,"68":0,"69":0,"70":0,"71":0,"72":0,"73":0},"f":{"0":2,"1":3,"2":2,"3":0,"4":0,"5":0,"6":0,"7":0,"8":0,"9":0,"10":0,"11":0,"12":0,"13":0},"b":{"0":[0,0],"1":[0,0],"2":[0,0],"3":[0,0],"4":[0,0,0],"5":[0,0],"6":[0,0],"7":[0,0],"8":[0,0],"9":[0,0],"10":[0,0],"11":[0,0],"12":[0,0],"13":[0,0,0],"14":[0],"15":[0],"16":[0,0],"17":[0,0],"18":[0,0],"19":[0,0],"20":[0,0],"21":[0,0],"22":[0,0],"23":[0,0],"24":[0,0],"25":[0,0],"26":[0,0],"27":[0,0],"28":[0,0],"29":[0,0],"30":[0,0],"31":[0,0],"32":[0,0,0],"33":[0,0],"34":[0,0,0],"35":[0,0],"36":[0,0,0],"37":[0,0],"38":[0,0],"39":[0],"40":[0,0],"41":[0,0]},"_coverageSchema":"43e27e138ebf9cfc5966b082cf9a028302ed4184","hash":"e8bd6fd2121a831ff8d5f7cd41746fc9119d06a5"}
,"/Users/xenovon/Documents/Work/personal_project/react-filterable-content/src/utils/Highlighter.js": {"path":"/Users/xenovon/Documents/Work/personal_project/react-filterable-content/src/utils/Highlighter.js","statementMap":{"0":{"start":{"line":21,"column":4},"end":{"line":21,"column":26}},"1":{"start":{"line":25,"column":4},"end":{"line":25,"column":26}},"2":{"start":{"line":29,"column":4},"end":{"line":29,"column":24}},"3":{"start":{"line":38,"column":4},"end":{"line":38,"column":21}},"4":{"start":{"line":39,"column":4},"end":{"line":80,"column":5}},"5":{"start":{"line":40,"column":21},"end":{"line":40,"column":58}},"6":{"start":{"line":41,"column":24},"end":{"line":41,"column":26}},"7":{"start":{"line":42,"column":23},"end":{"line":42,"column":32}},"8":{"start":{"line":43,"column":24},"end":{"line":43,"column":30}},"9":{"start":{"line":45,"column":6},"end":{"line":60,"column":7}},"10":{"start":{"line":46,"column":8},"end":{"line":46,"column":68}},"11":{"start":{"line":47,"column":8},"end":{"line":47,"column":30}},"12":{"start":{"line":48,"column":13},"end":{"line":60,"column":7}},"13":{"start":{"line":49,"column":10},"end":{"line":53,"column":11}},"14":{"start":{"line":50,"column":12},"end":{"line":50,"column":44}},"15":{"start":{"line":52,"column":12},"end":{"line":52,"column":71}},"16":{"start":{"line":54,"column":13},"end":{"line":60,"column":7}},"17":{"start":{"line":55,"column":8},"end":{"line":57,"column":10}},"18":{"start":{"line":56,"column":10},"end":{"line":56,"column":63}},"19":{"start":{"line":59,"column":8},"end":{"line":59,"column":40}},"20":{"start":{"line":62,"column":6},"end":{"line":77,"column":7}},"21":{"start":{"line":64,"column":8},"end":{"line":68,"column":9}},"22":{"start":{"line":69,"column":12},"end":{"line":77,"column":7}},"23":{"start":{"line":70,"column":9},"end":{"line":70,"column":26}},"24":{"start":{"line":72,"column":8},"end":{"line":76,"column":9}},"25":{"start":{"line":79,"column":6},"end":{"line":79,"column":22}},"26":{"start":{"line":84,"column":4},"end":{"line":86,"column":5}},"27":{"start":{"line":85,"column":6},"end":{"line":85,"column":17}},"28":{"start":{"line":87,"column":4},"end":{"line":87,"column":16}},"29":{"start":{"line":93,"column":20},"end":{"line":93,"column":22}},"30":{"start":{"line":95,"column":4},"end":{"line":134,"column":5}},"31":{"start":{"line":97,"column":26},"end":{"line":97,"column":57}},"32":{"start":{"line":98,"column":24},"end":{"line":98,"column":26}},"33":{"start":{"line":100,"column":22},"end":{"line":100,"column":23}},"34":{"start":{"line":101,"column":14},"end":{"line":101,"column":15}},"35":{"start":{"line":102,"column":6},"end":{"line":115,"column":41}},"36":{"start":{"line":103,"column":22},"end":{"line":103,"column":90}},"37":{"start":{"line":105,"column":8},"end":{"line":111,"column":9}},"38":{"start":{"line":106,"column":10},"end":{"line":106,"column":48}},"39":{"start":{"line":107,"column":10},"end":{"line":107,"column":47}},"40":{"start":{"line":109,"column":10},"end":{"line":109,"column":61}},"41":{"start":{"line":110,"column":10},"end":{"line":110,"column":30}},"42":{"start":{"line":113,"column":8},"end":{"line":113,"column":12}},"43":{"start":{"line":118,"column":6},"end":{"line":133,"column":7}},"44":{"start":{"line":118,"column":19},"end":{"line":118,"column":20}},"45":{"start":{"line":119,"column":23},"end":{"line":119,"column":37}},"46":{"start":{"line":121,"column":8},"end":{"line":121,"column":64}},"47":{"start":{"line":123,"column":8},"end":{"line":132,"column":9}},"48":{"start":{"line":124,"column":10},"end":{"line":131,"column":12}},"49":{"start":{"line":136,"column":4},"end":{"line":136,"column":20}}},"fnMap":{"0":{"name":"(anonymous_0)","decl":{"start":{"line":20,"column":2},"end":{"line":20,"column":3}},"loc":{"start":{"line":20,"column":22},"end":{"line":22,"column":3}},"line":20},"1":{"name":"(anonymous_1)","decl":{"start":{"line":24,"column":2},"end":{"line":24,"column":3}},"loc":{"start":{"line":24,"column":20},"end":{"line":26,"column":3}},"line":24},"2":{"name":"(anonymous_2)","decl":{"start":{"line":28,"column":2},"end":{"line":28,"column":3}},"loc":{"start":{"line":28,"column":18},"end":{"line":30,"column":3}},"line":28},"3":{"name":"(anonymous_3)","decl":{"start":{"line":37,"column":20},"end":{"line":37,"column":21}},"loc":{"start":{"line":37,"column":44},"end":{"line":81,"column":3}},"line":37},"4":{"name":"(anonymous_4)","decl":{"start":{"line":55,"column":25},"end":{"line":55,"column":26}},"loc":{"start":{"line":55,"column":33},"end":{"line":57,"column":9}},"line":55},"5":{"name":"(anonymous_5)","decl":{"start":{"line":83,"column":19},"end":{"line":83,"column":20}},"loc":{"start":{"line":83,"column":27},"end":{"line":88,"column":3}},"line":83},"6":{"name":"(anonymous_6)","decl":{"start":{"line":91,"column":26},"end":{"line":91,"column":27}},"loc":{"start":{"line":91,"column":51},"end":{"line":137,"column":3}},"line":91}},"branchMap":{"0":{"loc":{"start":{"line":39,"column":4},"end":{"line":80,"column":5}},"type":"if","locations":[{"start":{"line":39,"column":4},"end":{"line":80,"column":5}},{"start":{"line":39,"column":4},"end":{"line":80,"column":5}}],"line":39},"1":{"loc":{"start":{"line":45,"column":6},"end":{"line":60,"column":7}},"type":"if","locations":[{"start":{"line":45,"column":6},"end":{"line":60,"column":7}},{"start":{"line":45,"column":6},"end":{"line":60,"column":7}}],"line":45},"2":{"loc":{"start":{"line":48,"column":13},"end":{"line":60,"column":7}},"type":"if","locations":[{"start":{"line":48,"column":13},"end":{"line":60,"column":7}},{"start":{"line":48,"column":13},"end":{"line":60,"column":7}}],"line":48},"3":{"loc":{"start":{"line":49,"column":10},"end":{"line":53,"column":11}},"type":"if","locations":[{"start":{"line":49,"column":10},"end":{"line":53,"column":11}},{"start":{"line":49,"column":10},"end":{"line":53,"column":11}}],"line":49},"4":{"loc":{"start":{"line":54,"column":13},"end":{"line":60,"column":7}},"type":"if","locations":[{"start":{"line":54,"column":13},"end":{"line":60,"column":7}},{"start":{"line":54,"column":13},"end":{"line":60,"column":7}}],"line":54},"5":{"loc":{"start":{"line":54,"column":17},"end":{"line":54,"column":45}},"type":"binary-expr","locations":[{"start":{"line":54,"column":17},"end":{"line":54,"column":25}},{"start":{"line":54,"column":29},"end":{"line":54,"column":45}}],"line":54},"6":{"loc":{"start":{"line":62,"column":6},"end":{"line":77,"column":7}},"type":"if","locations":[{"start":{"line":62,"column":6},"end":{"line":77,"column":7}},{"start":{"line":62,"column":6},"end":{"line":77,"column":7}}],"line":62},"7":{"loc":{"start":{"line":69,"column":12},"end":{"line":77,"column":7}},"type":"if","locations":[{"start":{"line":69,"column":12},"end":{"line":77,"column":7}},{"start":{"line":69,"column":12},"end":{"line":77,"column":7}}],"line":69},"8":{"loc":{"start":{"line":74,"column":16},"end":{"line":74,"column":49}},"type":"binary-expr","locations":[{"start":{"line":74,"column":16},"end":{"line":74,"column":30}},{"start":{"line":74,"column":34},"end":{"line":74,"column":49}}],"line":74},"9":{"loc":{"start":{"line":84,"column":4},"end":{"line":86,"column":5}},"type":"if","locations":[{"start":{"line":84,"column":4},"end":{"line":86,"column":5}},{"start":{"line":84,"column":4},"end":{"line":86,"column":5}}],"line":84},"10":{"loc":{"start":{"line":84,"column":7},"end":{"line":84,"column":48}},"type":"binary-expr","locations":[{"start":{"line":84,"column":7},"end":{"line":84,"column":11}},{"start":{"line":84,"column":15},"end":{"line":84,"column":48}}],"line":84},"11":{"loc":{"start":{"line":91,"column":27},"end":{"line":91,"column":34}},"type":"default-arg","locations":[{"start":{"line":91,"column":32},"end":{"line":91,"column":34}}],"line":91},"12":{"loc":{"start":{"line":91,"column":36},"end":{"line":91,"column":46}},"type":"default-arg","locations":[{"start":{"line":91,"column":44},"end":{"line":91,"column":46}}],"line":91},"13":{"loc":{"start":{"line":95,"column":4},"end":{"line":134,"column":5}},"type":"if","locations":[{"start":{"line":95,"column":4},"end":{"line":134,"column":5}},{"start":{"line":95,"column":4},"end":{"line":134,"column":5}}],"line":95},"14":{"loc":{"start":{"line":95,"column":8},"end":{"line":95,"column":63}},"type":"binary-expr","locations":[{"start":{"line":95,"column":8},"end":{"line":95,"column":32}},{"start":{"line":95,"column":36},"end":{"line":95,"column":63}}],"line":95},"15":{"loc":{"start":{"line":115,"column":14},"end":{"line":115,"column":40}},"type":"binary-expr","locations":[{"start":{"line":115,"column":14},"end":{"line":115,"column":28}},{"start":{"line":115,"column":32},"end":{"line":115,"column":40}}],"line":115},"16":{"loc":{"start":{"line":105,"column":8},"end":{"line":111,"column":9}},"type":"if","locations":[{"start":{"line":105,"column":8},"end":{"line":111,"column":9}},{"start":{"line":105,"column":8},"end":{"line":111,"column":9}}],"line":105},"17":{"loc":{"start":{"line":123,"column":8},"end":{"line":132,"column":9}},"type":"if","locations":[{"start":{"line":123,"column":8},"end":{"line":132,"column":9}},{"start":{"line":123,"column":8},"end":{"line":132,"column":9}}],"line":123}},"s":{"0":2,"1":2,"2":0,"3":0,"4":0,"5":0,"6":0,"7":0,"8":0,"9":0,"10":0,"11":0,"12":0,"13":0,"14":0,"15":0,"16":0,"17":0,"18":0,"19":0,"20":0,"21":0,"22":0,"23":0,"24":0,"25":0,"26":0,"27":0,"28":0,"29":0,"30":0,"31":0,"32":0,"33":0,"34":0,"35":0,"36":0,"37":0,"38":0,"39":0,"40":0,"41":0,"42":0,"43":0,"44":0,"45":0,"46":0,"47":0,"48":0,"49":0},"f":{"0":2,"1":2,"2":0,"3":0,"4":0,"5":0,"6":0},"b":{"0":[0,0],"1":[0,0],"2":[0,0],"3":[0,0],"4":[0,0],"5":[0,0],"6":[0,0],"7":[0,0],"8":[0,0],"9":[0,0],"10":[0,0],"11":[0],"12":[0],"13":[0,0],"14":[0,0],"15":[0,0],"16":[0,0],"17":[0,0]},"_coverageSchema":"43e27e138ebf9cfc5966b082cf9a028302ed4184","hash":"f334b321b8aa6164868445626e5d42c4fd88450f"}
,"/Users/xenovon/Documents/Work/personal_project/react-filterable-content/src/utils/constant.js": {"path":"/Users/xenovon/Documents/Work/personal_project/react-filterable-content/src/utils/constant.js","statementMap":{"0":{"start":{"line":1,"column":32},"end":{"line":1,"column":56}},"1":{"start":{"line":2,"column":33},"end":{"line":2,"column":58}},"2":{"start":{"line":3,"column":33},"end":{"line":3,"column":58}}},"fnMap":{},"branchMap":{},"s":{"0":1,"1":1,"2":1},"f":{},"b":{},"_coverageSchema":"43e27e138ebf9cfc5966b082cf9a028302ed4184","hash":"326f9cccd6722bc9334dbeef8c7122c2fab41212"}
,"/Users/xenovon/Documents/Work/personal_project/react-filterable-content/src/utils/debounceRender.js": {"path":"/Users/xenovon/Documents/Work/personal_project/react-filterable-content/src/utils/debounceRender.js","statementMap":{"0":{"start":{"line":21,"column":2},"end":{"line":36,"column":3}},"1":{"start":{"line":25,"column":6},"end":{"line":25,"column":28}},"2":{"start":{"line":26,"column":6},"end":{"line":26,"column":18}},"3":{"start":{"line":30,"column":6},"end":{"line":30,"column":35}},"4":{"start":{"line":34,"column":6},"end":{"line":34,"column":52}}},"fnMap":{"0":{"name":"debounceRender","decl":{"start":{"line":20,"column":16},"end":{"line":20,"column":30}},"loc":{"start":{"line":20,"column":69},"end":{"line":37,"column":1}},"line":20},"1":{"name":"(anonymous_1)","decl":{"start":{"line":24,"column":4},"end":{"line":24,"column":5}},"loc":{"start":{"line":24,"column":28},"end":{"line":27,"column":5}},"line":24},"2":{"name":"(anonymous_2)","decl":{"start":{"line":29,"column":4},"end":{"line":29,"column":5}},"loc":{"start":{"line":29,"column":27},"end":{"line":31,"column":5}},"line":29},"3":{"name":"(anonymous_3)","decl":{"start":{"line":33,"column":4},"end":{"line":33,"column":5}},"loc":{"start":{"line":33,"column":13},"end":{"line":35,"column":5}},"line":33}},"branchMap":{},"s":{"0":0,"1":0,"2":0,"3":0,"4":0},"f":{"0":0,"1":0,"2":0,"3":0},"b":{},"hash":"a556304ce3ecbdbd552e7e7693851849fb58ba2d"}
,"/Users/xenovon/Documents/Work/personal_project/react-filterable-content/src/utils/getValue.js": {"path":"/Users/xenovon/Documents/Work/personal_project/react-filterable-content/src/utils/getValue.js","statementMap":{"0":{"start":{"line":1,"column":24},"end":{"line":5,"column":1}},"1":{"start":{"line":2,"column":2},"end":{"line":4,"column":9}},"2":{"start":{"line":3,"column":4},"end":{"line":3,"column":62}}},"fnMap":{"0":{"name":"(anonymous_0)","decl":{"start":{"line":1,"column":24},"end":{"line":1,"column":25}},"loc":{"start":{"line":1,"column":38},"end":{"line":5,"column":1}},"line":1},"1":{"name":"(anonymous_1)","decl":{"start":{"line":2,"column":31},"end":{"line":2,"column":32}},"loc":{"start":{"line":2,"column":46},"end":{"line":4,"column":3}},"line":2}},"branchMap":{"0":{"loc":{"start":{"line":3,"column":11},"end":{"line":3,"column":62}},"type":"cond-expr","locations":[{"start":{"line":3,"column":54},"end":{"line":3,"column":55}},{"start":{"line":3,"column":58},"end":{"line":3,"column":62}}],"line":3},"1":{"loc":{"start":{"line":3,"column":12},"end":{"line":3,"column":50}},"type":"binary-expr","locations":[{"start":{"line":3,"column":12},"end":{"line":3,"column":36}},{"start":{"line":3,"column":40},"end":{"line":3,"column":50}}],"line":3}},"s":{"0":1,"1":0,"2":0},"f":{"0":0,"1":0},"b":{"0":[0,0],"1":[0,0]},"_coverageSchema":"43e27e138ebf9cfc5966b082cf9a028302ed4184","hash":"fb501c8436384720d92a4b8f349a63fd3a2d27c3"}
,"/Users/xenovon/Documents/Work/personal_project/react-filterable-content/src/utils/index.js": {"path":"/Users/xenovon/Documents/Work/personal_project/react-filterable-content/src/utils/index.js","statementMap":{},"fnMap":{},"branchMap":{},"s":{},"f":{},"b":{},"hash":"5ece640223bb7290c2f0fc2c068df6afd1a5ba25"}
,"/Users/xenovon/Documents/Work/personal_project/react-filterable-content/src/utils/performance.js": {"path":"/Users/xenovon/Documents/Work/personal_project/react-filterable-content/src/utils/performance.js","statementMap":{"0":{"start":{"line":2,"column":16},"end":{"line":2,"column":17}},"1":{"start":{"line":3,"column":18},"end":{"line":3,"column":20}},"2":{"start":{"line":5,"column":32},"end":{"line":8,"column":1}},"3":{"start":{"line":6,"column":2},"end":{"line":6,"column":32}},"4":{"start":{"line":7,"column":2},"end":{"line":7,"column":22}},"5":{"start":{"line":11,"column":30},"end":{"line":22,"column":1}},"6":{"start":{"line":12,"column":16},"end":{"line":12,"column":33}},"7":{"start":{"line":14,"column":2},"end":{"line":14,"column":18}},"8":{"start":{"line":15,"column":2},"end":{"line":15,"column":48}},"9":{"start":{"line":16,"column":2},"end":{"line":16,"column":89}},"10":{"start":{"line":17,"column":2},"end":{"line":17,"column":30}},"11":{"start":{"line":19,"column":2},"end":{"line":19,"column":16}},"12":{"start":{"line":20,"column":2},"end":{"line":20,"column":19}}},"fnMap":{"0":{"name":"(anonymous_0)","decl":{"start":{"line":5,"column":32},"end":{"line":5,"column":33}},"loc":{"start":{"line":5,"column":41},"end":{"line":8,"column":1}},"line":5},"1":{"name":"(anonymous_1)","decl":{"start":{"line":11,"column":30},"end":{"line":11,"column":31}},"loc":{"start":{"line":11,"column":36},"end":{"line":22,"column":1}},"line":11}},"branchMap":{},"s":{"0":1,"1":1,"2":1,"3":0,"4":0,"5":1,"6":0,"7":0,"8":0,"9":0,"10":0,"11":0,"12":0},"f":{"0":0,"1":0},"b":{},"_coverageSchema":"43e27e138ebf9cfc5966b082cf9a028302ed4184","hash":"1be2dfd56234c31d0eb5822fff16227f39c88a3f"}
,"/Users/xenovon/Documents/Work/personal_project/react-filterable-content/src/utils/toLowerCase.js": {"path":"/Users/xenovon/Documents/Work/personal_project/react-filterable-content/src/utils/toLowerCase.js","statementMap":{"0":{"start":{"line":1,"column":27},"end":{"line":9,"column":1}},"1":{"start":{"line":2,"column":2},"end":{"line":4,"column":3}},"2":{"start":{"line":3,"column":4},"end":{"line":3,"column":16}},"3":{"start":{"line":5,"column":2},"end":{"line":7,"column":3}},"4":{"start":{"line":6,"column":4},"end":{"line":6,"column":30}},"5":{"start":{"line":8,"column":2},"end":{"line":8,"column":14}}},"fnMap":{"0":{"name":"(anonymous_0)","decl":{"start":{"line":1,"column":27},"end":{"line":1,"column":28}},"loc":{"start":{"line":1,"column":45},"end":{"line":9,"column":1}},"line":1}},"branchMap":{"0":{"loc":{"start":{"line":2,"column":2},"end":{"line":4,"column":3}},"type":"if","locations":[{"start":{"line":2,"column":2},"end":{"line":4,"column":3}},{"start":{"line":2,"column":2},"end":{"line":4,"column":3}}],"line":2},"1":{"loc":{"start":{"line":5,"column":2},"end":{"line":7,"column":3}},"type":"if","locations":[{"start":{"line":5,"column":2},"end":{"line":7,"column":3}},{"start":{"line":5,"column":2},"end":{"line":7,"column":3}}],"line":5},"2":{"loc":{"start":{"line":5,"column":5},"end":{"line":5,"column":54}},"type":"binary-expr","locations":[{"start":{"line":5,"column":5},"end":{"line":5,"column":29}},{"start":{"line":5,"column":33},"end":{"line":5,"column":54}}],"line":5}},"s":{"0":1,"1":0,"2":0,"3":0,"4":0,"5":0},"f":{"0":0},"b":{"0":[0,0],"1":[0,0],"2":[0,0]},"_coverageSchema":"43e27e138ebf9cfc5966b082cf9a028302ed4184","hash":"d51585c1c3d00530b17c72c2a2341fb8af3e809e"}
}
