TN:
SF:/Users/xenovon/Documents/Work/personal_project/react-filterable-content/src/index.js
FNF:0
FNH:0
LF:0
LH:0
BRF:0
BRH:0
end_of_record
TN:
SF:/Users/xenovon/Documents/Work/personal_project/react-filterable-content/src/components/FilterableContent.js
FN:18,(anonymous_0)
FN:24,(anonymous_1)
FNF:2
FNH:0
FNDA:0,(anonymous_0)
FNDA:0,(anonymous_1)
DA:19,0
DA:20,0
DA:21,0
DA:25,0
DA:26,0
DA:30,0
LF:6
LH:0
BRDA:26,0,0,0
BRDA:26,0,1,0
BRF:2
BRH:0
end_of_record
TN:
SF:/Users/xenovon/Documents/Work/personal_project/react-filterable-content/src/components/FilterableSection.js
FN:4,(anonymous_0)
FNF:1
FNH:0
FNDA:0,(anonymous_0)
DA:4,0
DA:5,0
DA:7,0
DA:15,0
LF:4
LH:0
BRF:0
BRH:0
end_of_record
TN:
SF:/Users/xenovon/Documents/Work/personal_project/react-filterable-content/src/components/index.js
FNF:0
FNH:0
LF:0
LH:0
BRF:0
BRH:0
end_of_record
TN:
SF:/Users/xenovon/Documents/Work/personal_project/react-filterable-content/src/utils/FilterEngine.js
FN:36,(anonymous_0)
FN:41,(anonymous_1)
FN:45,(anonymous_2)
FN:49,(anonymous_3)
FN:81,(anonymous_4)
FN:91,(anonymous_5)
FN:98,(anonymous_6)
FN:104,(anonymous_7)
FN:110,(anonymous_8)
FN:114,(anonymous_9)
FN:117,(anonymous_10)
FN:143,(anonymous_11)
FN:185,(anonymous_12)
FN:188,(anonymous_13)
FNF:14
FNH:3
FNDA:2,(anonymous_0)
FNDA:3,(anonymous_1)
FNDA:2,(anonymous_2)
FNDA:0,(anonymous_3)
FNDA:0,(anonymous_4)
FNDA:0,(anonymous_5)
FNDA:0,(anonymous_6)
FNDA:0,(anonymous_7)
FNDA:0,(anonymous_8)
FNDA:0,(anonymous_9)
FNDA:0,(anonymous_10)
FNDA:0,(anonymous_11)
FNDA:0,(anonymous_12)
FNDA:0,(anonymous_13)
DA:16,1
DA:37,2
DA:38,2
DA:42,3
DA:46,2
DA:51,0
DA:52,0
DA:56,0
DA:57,0
DA:59,0
DA:61,0
DA:62,0
DA:63,0
DA:64,0
DA:66,0
DA:68,0
DA:71,0
DA:72,0
DA:75,0
DA:76,0
DA:78,0
DA:82,0
DA:83,0
DA:85,0
DA:86,0
DA:87,0
DA:92,0
DA:93,0
DA:95,0
DA:99,0
DA:100,0
DA:105,0
DA:106,0
DA:111,0
DA:115,0
DA:116,0
DA:117,0
DA:118,0
DA:119,0
DA:120,0
DA:121,0
DA:122,0
DA:123,0
DA:124,0
DA:127,0
DA:128,0
DA:129,0
DA:130,0
DA:131,0
DA:132,0
DA:133,0
DA:136,0
DA:144,0
DA:145,0
DA:147,0
DA:148,0
DA:150,0
DA:156,0
DA:157,0
DA:159,0
DA:165,0
DA:167,0
DA:174,0
DA:175,0
DA:176,0
DA:177,0
DA:178,0
DA:180,0
DA:186,0
DA:187,0
DA:188,0
DA:189,0
DA:192,0
DA:196,0
LF:74
LH:5
BRDA:51,0,0,0
BRDA:51,0,1,0
BRDA:56,1,0,0
BRDA:56,1,1,0
BRDA:61,2,0,0
BRDA:61,2,1,0
BRDA:63,3,0,0
BRDA:63,3,1,0
BRDA:63,4,0,0
BRDA:63,4,1,0
BRDA:63,4,2,0
BRDA:71,5,0,0
BRDA:71,5,1,0
BRDA:85,6,0,0
BRDA:85,6,1,0
BRDA:92,7,0,0
BRDA:92,7,1,0
BRDA:92,8,0,0
BRDA:92,8,1,0
BRDA:99,9,0,0
BRDA:99,9,1,0
BRDA:99,10,0,0
BRDA:99,10,1,0
BRDA:105,11,0,0
BRDA:105,11,1,0
BRDA:105,12,0,0
BRDA:105,12,1,0
BRDA:111,13,0,0
BRDA:111,13,1,0
BRDA:111,13,2,0
BRDA:114,14,0,0
BRDA:114,15,0,0
BRDA:115,16,0,0
BRDA:115,16,1,0
BRDA:116,17,0,0
BRDA:116,17,1,0
BRDA:118,18,0,0
BRDA:118,18,1,0
BRDA:120,19,0,0
BRDA:120,19,1,0
BRDA:121,20,0,0
BRDA:121,20,1,0
BRDA:121,21,0,0
BRDA:121,21,1,0
BRDA:127,22,0,0
BRDA:127,22,1,0
BRDA:129,23,0,0
BRDA:129,23,1,0
BRDA:130,24,0,0
BRDA:130,24,1,0
BRDA:130,25,0,0
BRDA:130,25,1,0
BRDA:145,26,0,0
BRDA:145,26,1,0
BRDA:145,27,0,0
BRDA:145,27,1,0
BRDA:147,28,0,0
BRDA:147,28,1,0
BRDA:147,29,0,0
BRDA:147,29,1,0
BRDA:148,30,0,0
BRDA:148,30,1,0
BRDA:148,31,0,0
BRDA:148,31,1,0
BRDA:150,32,0,0
BRDA:150,32,1,0
BRDA:150,32,2,0
BRDA:156,33,0,0
BRDA:156,33,1,0
BRDA:159,34,0,0
BRDA:159,34,1,0
BRDA:159,34,2,0
BRDA:165,35,0,0
BRDA:165,35,1,0
BRDA:167,36,0,0
BRDA:167,36,1,0
BRDA:167,36,2,0
BRDA:176,37,0,0
BRDA:176,37,1,0
BRDA:176,38,0,0
BRDA:176,38,1,0
BRDA:185,39,0,0
BRDA:186,40,0,0
BRDA:186,40,1,0
BRDA:187,41,0,0
BRDA:187,41,1,0
BRF:86
BRH:0
end_of_record
TN:
SF:/Users/xenovon/Documents/Work/personal_project/react-filterable-content/src/utils/Highlighter.js
FN:20,(anonymous_0)
FN:24,(anonymous_1)
FN:28,(anonymous_2)
FN:37,(anonymous_3)
FN:55,(anonymous_4)
FN:83,(anonymous_5)
FN:91,(anonymous_6)
FNF:7
FNH:2
FNDA:2,(anonymous_0)
FNDA:2,(anonymous_1)
FNDA:0,(anonymous_2)
FNDA:0,(anonymous_3)
FNDA:0,(anonymous_4)
FNDA:0,(anonymous_5)
FNDA:0,(anonymous_6)
DA:21,2
DA:25,2
DA:29,0
DA:38,0
DA:39,0
DA:40,0
DA:41,0
DA:42,0
DA:43,0
DA:45,0
DA:46,0
DA:47,0
DA:48,0
DA:49,0
DA:50,0
DA:52,0
DA:54,0
DA:55,0
DA:56,0
DA:59,0
DA:62,0
DA:64,0
DA:69,0
DA:70,0
DA:72,0
DA:79,0
DA:84,0
DA:85,0
DA:87,0
DA:93,0
DA:95,0
DA:97,0
DA:98,0
DA:100,0
DA:101,0
DA:102,0
DA:103,0
DA:105,0
DA:106,0
DA:107,0
DA:109,0
DA:110,0
DA:113,0
DA:118,0
DA:119,0
DA:121,0
DA:123,0
DA:124,0
DA:136,0
LF:49
LH:2
BRDA:39,0,0,0
BRDA:39,0,1,0
BRDA:45,1,0,0
BRDA:45,1,1,0
BRDA:48,2,0,0
BRDA:48,2,1,0
BRDA:49,3,0,0
BRDA:49,3,1,0
BRDA:54,4,0,0
BRDA:54,4,1,0
BRDA:54,5,0,0
BRDA:54,5,1,0
BRDA:62,6,0,0
BRDA:62,6,1,0
BRDA:69,7,0,0
BRDA:69,7,1,0
BRDA:74,8,0,0
BRDA:74,8,1,0
BRDA:84,9,0,0
BRDA:84,9,1,0
BRDA:84,10,0,0
BRDA:84,10,1,0
BRDA:91,11,0,0
BRDA:91,12,0,0
BRDA:95,13,0,0
BRDA:95,13,1,0
BRDA:95,14,0,0
BRDA:95,14,1,0
BRDA:115,15,0,0
BRDA:115,15,1,0
BRDA:105,16,0,0
BRDA:105,16,1,0
BRDA:123,17,0,0
BRDA:123,17,1,0
BRF:34
BRH:0
end_of_record
TN:
SF:/Users/xenovon/Documents/Work/personal_project/react-filterable-content/src/utils/constant.js
FNF:0
FNH:0
DA:1,1
DA:2,1
DA:3,1
LF:3
LH:3
BRF:0
BRH:0
end_of_record
TN:
SF:/Users/xenovon/Documents/Work/personal_project/react-filterable-content/src/utils/debounceRender.js
FN:20,debounceRender
FN:24,(anonymous_1)
FN:29,(anonymous_2)
FN:33,(anonymous_3)
FNF:4
FNH:0
FNDA:0,debounceRender
FNDA:0,(anonymous_1)
FNDA:0,(anonymous_2)
FNDA:0,(anonymous_3)
DA:21,0
DA:25,0
DA:26,0
DA:30,0
DA:34,0
LF:5
LH:0
BRF:0
BRH:0
end_of_record
TN:
SF:/Users/xenovon/Documents/Work/personal_project/react-filterable-content/src/utils/getValue.js
FN:1,(anonymous_0)
FN:2,(anonymous_1)
FNF:2
FNH:0
FNDA:0,(anonymous_0)
FNDA:0,(anonymous_1)
DA:1,1
DA:2,0
DA:3,0
LF:3
LH:1
BRDA:3,0,0,0
BRDA:3,0,1,0
BRDA:3,1,0,0
BRDA:3,1,1,0
BRF:4
BRH:0
end_of_record
TN:
SF:/Users/xenovon/Documents/Work/personal_project/react-filterable-content/src/utils/index.js
FNF:0
FNH:0
LF:0
LH:0
BRF:0
BRH:0
end_of_record
TN:
SF:/Users/xenovon/Documents/Work/personal_project/react-filterable-content/src/utils/performance.js
FN:5,(anonymous_0)
FN:11,(anonymous_1)
FNF:2
FNH:0
FNDA:0,(anonymous_0)
FNDA:0,(anonymous_1)
DA:2,1
DA:3,1
DA:5,1
DA:6,0
DA:7,0
DA:11,1
DA:12,0
DA:14,0
DA:15,0
DA:16,0
DA:17,0
DA:19,0
DA:20,0
LF:13
LH:4
BRF:0
BRH:0
end_of_record
TN:
SF:/Users/xenovon/Documents/Work/personal_project/react-filterable-content/src/utils/toLowerCase.js
FN:1,(anonymous_0)
FNF:1
FNH:0
FNDA:0,(anonymous_0)
DA:1,1
DA:2,0
DA:3,0
DA:5,0
DA:6,0
DA:8,0
LF:6
LH:1
BRDA:2,0,0,0
BRDA:2,0,1,0
BRDA:5,1,0,0
BRDA:5,1,1,0
BRDA:5,2,0,0
BRDA:5,2,1,0
BRF:6
BRH:0
end_of_record
